mode: atomic
transaction-service/internal/core/usecase/create_transaction.go:29.94,31.2 1 8
transaction-service/internal/core/usecase/create_transaction.go:33.108,35.16 2 8
transaction-service/internal/core/usecase/create_transaction.go:35.16,37.3 1 5
transaction-service/internal/core/usecase/create_transaction.go:39.2,46.16 2 3
transaction-service/internal/core/usecase/create_transaction.go:46.16,48.3 1 0
transaction-service/internal/core/usecase/create_transaction.go:50.2,52.56 2 3
transaction-service/internal/core/usecase/create_transaction.go:52.56,54.3 1 1
transaction-service/internal/core/usecase/create_transaction.go:56.2,59.8 1 2
transaction-service/internal/core/usecase/get_balance.go:24.80,26.2 1 3
transaction-service/internal/core/usecase/get_balance.go:28.103,29.24 1 3
transaction-service/internal/core/usecase/get_balance.go:29.24,31.3 1 1
transaction-service/internal/core/usecase/get_balance.go:33.2,34.16 2 2
transaction-service/internal/core/usecase/get_balance.go:34.16,36.3 1 1
transaction-service/internal/core/usecase/get_balance.go:38.2,41.8 1 1
transaction-service/internal/core/usecase/get_transaction_status.go:20.100,22.2 1 3
transaction-service/internal/core/usecase/get_transaction_status.go:24.103,26.16 2 3
transaction-service/internal/core/usecase/get_transaction_status.go:26.16,28.3 1 1
transaction-service/internal/core/usecase/get_transaction_status.go:29.2,29.15 1 2
transaction-service/internal/core/usecase/get_transaction_status.go:29.15,31.3 1 1
transaction-service/internal/core/usecase/get_transaction_status.go:33.2,36.8 1 1
